<?xml version="1.0" encoding="UTF-8"?>
<testsuite name="The Largest Community of Testers in the World" tests="1" skipped="1" failures="0" errors="0" timestamp="2022-06-08T14:07:31" hostname="LAPTOP-M68J1EOL" time="0.128">
  <properties/>
  <testcase name="EMPTY_NAME" classname="The Largest Community of Testers in the World" time="0.128">
    <skipped/>
  </testcase>
  <system-out><![CDATA[]]></system-out>
  <system-err><![CDATA[[Test worker] WARN net.thucydides.core.steps.BaseStepListener - stepStarted: net.thucydides.core.steps.ExecutedStepDescription@2e1a6f9
[Test worker] INFO net.thucydides.core.steps.ConsoleLoggingListener - TEST PENDING
[Test worker] WARN net.thucydides.core.steps.BaseStepListener - stepStarted: net.thucydides.core.steps.ExecutedStepDescription@6d2a129e
[Test worker] WARN net.thucydides.core.steps.BaseStepListener - stepStarted: net.thucydides.core.steps.ExecutedStepDescription@3f6b577f
[Test worker] WARN net.thucydides.core.steps.BaseStepListener - testFinished: :Given Pedro wants to register today in https://utest.com/, When he seeks to earn money by learning new skills, Then he finds how to register by pressing the button becomes a tester
[Test worker] WARN net.thucydides.core.steps.BaseStepListener - TestOutcomes: [:Given Pedro wants to register today in https://utest.com/, When he seeks to earn money by learning new skills, Then he finds how to register by pressing the button becomes a tester]
[Test worker] WARN net.thucydides.core.steps.BaseStepListener - Final testOutcomes: [:Given Pedro wants to register today in https://utest.com/, When he seeks to earn money by learning new skills, Then he finds how to register by pressing the button becomes a tester]
[Test worker] INFO net.thucydides.core.steps.ConsoleLoggingListener - 
          __  _____ _____ ____ _____   ____  _____ _   _ ____ ___ _   _  ____ 
 _       / / |_   _| ____/ ___|_   _| |  _ \| ____| \ | |  _ \_ _| \ | |/ ___|
(_)____ / /    | | |  _| \___ \ | |   | |_) |  _| |  \| | | | | ||  \| | |  _ 
 |_____/ /     | | | |___ ___) || |   |  __/| |___| |\  | |_| | || |\  | |_| |
(_)   /_/      |_| |_____|____/ |_|   |_|   |_____|_| \_|____/___|_| \_|\____|
                                                                                

TEST PENDING: 
---------------------------------------------------------------------------------
]]></system-err>
</testsuite>
